c:\users\kocca19\desktop\projects\ga4thfinalproject_isekai\5_project\projectl\kunrealengine\x64\debug\kunrealengine.pch
c:\users\kocca19\desktop\projects\ga4thfinalproject_isekai\5_project\projectl\kunrealengine\x64\debug\vc143.pdb
c:\users\kocca19\desktop\projects\ga4thfinalproject_isekai\5_project\projectl\kunrealengine\x64\debug\vc143.idb
c:\users\kocca19\desktop\projects\ga4thfinalproject_isekai\5_project\projectl\kunrealengine\x64\debug\pch.obj
c:\users\kocca19\desktop\projects\ga4thfinalproject_isekai\5_project\projectl\kunrealengine\x64\debug\transform.obj
c:\users\kocca19\desktop\projects\ga4thfinalproject_isekai\5_project\projectl\kunrealengine\x64\debug\timemanager.obj
c:\users\kocca19\desktop\projects\ga4thfinalproject_isekai\5_project\projectl\kunrealengine\x64\debug\soundsystem.obj
c:\users\kocca19\desktop\projects\ga4thfinalproject_isekai\5_project\projectl\kunrealengine\x64\debug\scenemanager.obj
c:\users\kocca19\desktop\projects\ga4thfinalproject_isekai\5_project\projectl\kunrealengine\x64\debug\scene.obj
c:\users\kocca19\desktop\projects\ga4thfinalproject_isekai\5_project\projectl\kunrealengine\x64\debug\physicssystem.obj
c:\users\kocca19\desktop\projects\ga4thfinalproject_isekai\5_project\projectl\kunrealengine\x64\debug\meshrenderer.obj
c:\users\kocca19\desktop\projects\ga4thfinalproject_isekai\5_project\projectl\kunrealengine\x64\debug\light.obj
c:\users\kocca19\desktop\projects\ga4thfinalproject_isekai\5_project\projectl\kunrealengine\x64\debug\kunrealapi.obj
c:\users\kocca19\desktop\projects\ga4thfinalproject_isekai\5_project\projectl\kunrealengine\x64\debug\inputsystem.obj
c:\users\kocca19\desktop\projects\ga4thfinalproject_isekai\5_project\projectl\kunrealengine\x64\debug\graphicssystem.obj
c:\users\kocca19\desktop\projects\ga4thfinalproject_isekai\5_project\projectl\kunrealengine\x64\debug\gameobject.obj
c:\users\kocca19\desktop\projects\ga4thfinalproject_isekai\5_project\projectl\kunrealengine\x64\debug\enginecore.obj
c:\users\kocca19\desktop\projects\ga4thfinalproject_isekai\5_project\projectl\kunrealengine\x64\debug\dllmain.obj
c:\users\kocca19\desktop\projects\ga4thfinalproject_isekai\5_project\projectl\kunrealengine\x64\debug\component.obj
c:\users\kocca19\desktop\projects\ga4thfinalproject_isekai\5_project\projectl\kunrealengine\x64\debug\camera.obj
c:\finalprojeact\projectl\kunrealengine\x64\debug\kunrealengine.pch
c:\finalprojeact\projectl\kunrealengine\x64\debug\vc143.pdb
c:\finalprojeact\projectl\kunrealengine\x64\debug\vc143.idb
c:\finalprojeact\projectl\kunrealengine\x64\debug\pch.obj
c:\finalprojeact\projectl\kunrealengine\x64\debug\transform.obj
c:\finalprojeact\projectl\kunrealengine\x64\debug\timemanager.obj
c:\finalprojeact\projectl\kunrealengine\x64\debug\soundsystem.obj
c:\finalprojeact\projectl\kunrealengine\x64\debug\scenemanager.obj
c:\finalprojeact\projectl\kunrealengine\x64\debug\scene.obj
c:\finalprojeact\projectl\kunrealengine\x64\debug\physicssystem.obj
c:\finalprojeact\projectl\kunrealengine\x64\debug\meshrenderer.obj
c:\finalprojeact\projectl\kunrealengine\x64\debug\light.obj
c:\finalprojeact\projectl\kunrealengine\x64\debug\kunrealapi.obj
c:\finalprojeact\projectl\kunrealengine\x64\debug\inputsystem.obj
c:\finalprojeact\projectl\kunrealengine\x64\debug\graphicssystem.obj
c:\finalprojeact\projectl\kunrealengine\x64\debug\gameobject.obj
c:\finalprojeact\projectl\kunrealengine\x64\debug\enginecore.obj
c:\finalprojeact\projectl\kunrealengine\x64\debug\dllmain.obj
c:\finalprojeact\projectl\kunrealengine\x64\debug\component.obj
c:\finalprojeact\projectl\kunrealengine\x64\debug\camera.obj
c:\users\kocca19\desktop\projects\ga4thfinalproject_isekai\5_project\projectl\bin\x64\debug\physxfoundation_64.dll
c:\users\kocca19\desktop\projects\ga4thfinalproject_isekai\5_project\projectl\bin\x64\debug\physx_64.dll
c:\users\kocca19\desktop\projects\ga4thfinalproject_isekai\5_project\projectl\bin\x64\debug\physxcommon_64.dll
c:\users\kocca19\desktop\projects\ga4thfinalproject_isekai\5_project\projectl\bin\x64\debug\physxcooking_64.dll
c:\users\kocca19\desktop\projects\ga4thfinalproject_isekai\5_project\projectl\bin\x64\debug\kunrealengine.lib
c:\users\kocca19\desktop\projects\ga4thfinalproject_isekai\5_project\projectl\bin\x64\debug\kunrealengine.exp
c:\users\kocca19\desktop\projects\ga4thfinalproject_isekai\5_project\projectl\bin\x64\debug\kunrealengine.dll
c:\users\kocca19\desktop\projects\ga4thfinalproject_isekai\5_project\projectl\kunrealengine\x64\debug\kunrealengine.ilk
c:\users\kocca19\desktop\projects\ga4thfinalproject_isekai\5_project\projectl\bin\x64\debug\kunrealengine.pdb
c:\finalprojeact\projectl\bin\x64\debug\kunrealengine.pdb
c:\finalprojeact\projectl\kunrealengine\x64\debug\kunrealengine.tlog\cl.command.1.tlog
c:\finalprojeact\projectl\kunrealengine\x64\debug\kunrealengine.tlog\cl.items.tlog
c:\finalprojeact\projectl\kunrealengine\x64\debug\kunrealengine.tlog\cl.read.1.tlog
c:\finalprojeact\projectl\kunrealengine\x64\debug\kunrealengine.tlog\cl.write.1.tlog
c:\finalprojeact\projectl\kunrealengine\x64\debug\kunrealengine.tlog\kunrealengine.write.1u.tlog
c:\finalprojeact\projectl\kunrealengine\x64\debug\kunrealengine.tlog\link.command.1.tlog
c:\finalprojeact\projectl\kunrealengine\x64\debug\kunrealengine.tlog\link.read.1.tlog
c:\finalprojeact\projectl\kunrealengine\x64\debug\kunrealengine.tlog\link.write.1.tlog
c:\finalprojeact\projectl\kunrealengine\x64\debug\kunrealengine.tlog\link.write.2u.tlog
