c:\users\kocca19\desktop\projects\ga4thfinalproject_isekai\5_project\projectl\projectl\x64\debug\vc143.pdb
c:\users\kocca19\desktop\projects\ga4thfinalproject_isekai\5_project\projectl\projectl\x64\debug\vc143.idb
c:\users\kocca19\desktop\projects\ga4thfinalproject_isekai\5_project\projectl\projectl\x64\debug\winmain.obj
c:\users\kocca19\desktop\projects\ga4thfinalproject_isekai\5_project\projectl\projectl\x64\debug\gameclient.obj
c:\users\kocca19\desktop\projects\ga4thfinalproject_isekai\5_project\projectl\bin\x64\debug\projectl.exe
c:\users\kocca19\desktop\projects\ga4thfinalproject_isekai\5_project\projectl\projectl\x64\debug\projectl.ilk
c:\users\kocca19\desktop\projects\ga4thfinalproject_isekai\5_project\projectl\bin\x64\debug\projectl.pdb
c:\users\kocca19\desktop\projects\ga4thfinalproject_isekai\5_project\projectl\bin\x64\debug\physxfoundation_64.dll
c:\users\kocca19\desktop\projects\ga4thfinalproject_isekai\5_project\projectl\bin\x64\debug\physx_64.dll
c:\users\kocca19\desktop\projects\ga4thfinalproject_isekai\5_project\projectl\bin\x64\debug\physxcommon_64.dll
c:\users\kocca19\desktop\projects\ga4thfinalproject_isekai\5_project\projectl\bin\x64\debug\physxcooking_64.dll
c:\finalprojeact\projectl\projectl\x64\debug\projectl.ilk
c:\finalprojeact\projectl\projectl\x64\debug\vc143.idb
c:\finalprojeact\projectl\projectl\x64\debug\vc143.pdb
c:\finalprojeact\projectl\bin\x64\debug\projectl.pdb
c:\finalprojeact\projectl\projectl\x64\debug\projectl.tlog\cl.command.1.tlog
c:\finalprojeact\projectl\projectl\x64\debug\projectl.tlog\cl.items.tlog
c:\finalprojeact\projectl\projectl\x64\debug\projectl.tlog\cl.read.1.tlog
c:\finalprojeact\projectl\projectl\x64\debug\projectl.tlog\cl.write.1.tlog
c:\finalprojeact\projectl\projectl\x64\debug\projectl.tlog\link.command.1.tlog
c:\finalprojeact\projectl\projectl\x64\debug\projectl.tlog\link.read.1.tlog
c:\finalprojeact\projectl\projectl\x64\debug\projectl.tlog\link.write.1.tlog
c:\finalprojeact\projectl\projectl\x64\debug\projectl.tlog\projectl.write.1u.tlog
