  GameClient.cpp
C:\Users\KOCCA19\Desktop\Projects\GA4thFinalProject_Isekai\5_Project\ProjectL\KunrealEngine\Scene.h(36,28): warning C4251: 'KunrealEngine::Scene::_objectList': class 'std::vector<KunrealEngine::GameObject *,std::allocator<KunrealEngine::GameObject *>>'에서는 class 'KunrealEngine::Scene'의 클라이언트에서 DLL 인터페이스를 사용하도록 지정해야 합니다.
  (소스 파일 'GameClient.cpp'을(를) 컴파일하는 중)
  C:\Users\KOCCA19\Desktop\Projects\GA4thFinalProject_Isekai\5_Project\ProjectL\KunrealEngine\Scene.h(36,8):
  'std::vector<KunrealEngine::GameObject *,std::allocator<KunrealEngine::GameObject *>>' 선언을 참조하십시오.
  
C:\Users\KOCCA19\Desktop\Projects\GA4thFinalProject_Isekai\5_Project\ProjectL\KunrealEngine\Scene.h(37,15): warning C4251: 'KunrealEngine::Scene::_sceneName': class 'std::basic_string<char,std::char_traits<char>,std::allocator<char>>'에서는 class 'KunrealEngine::Scene'의 클라이언트에서 DLL 인터페이스를 사용하도록 지정해야 합니다.
  (소스 파일 'GameClient.cpp'을(를) 컴파일하는 중)
  C:\Program Files\Microsoft Visual Studio\2022\Community\VC\Tools\MSVC\14.38.33130\include\xstring(5127,29):
  'std::basic_string<char,std::char_traits<char>,std::allocator<char>>' 선언을 참조하십시오.
  
C:\Users\KOCCA19\Desktop\Projects\GA4thFinalProject_Isekai\5_Project\ProjectL\KunrealEngine\Component.h(40,15): warning C4251: 'KunrealEngine::Component::_componentName': class 'std::basic_string<char,std::char_traits<char>,std::allocator<char>>'에서는 class 'KunrealEngine::Component'의 클라이언트에서 DLL 인터페이스를 사용하도록 지정해야 합니다.
  (소스 파일 'GameClient.cpp'을(를) 컴파일하는 중)
  C:\Program Files\Microsoft Visual Studio\2022\Community\VC\Tools\MSVC\14.38.33130\include\xstring(5127,29):
  'std::basic_string<char,std::char_traits<char>,std::allocator<char>>' 선언을 참조하십시오.
  
C:\Users\KOCCA19\Desktop\Projects\GA4thFinalProject_Isekai\5_Project\ProjectL\KunrealEngine\GameObject.h(41,27): warning C4251: 'KunrealEngine::GameObject::_componentContainer': class 'std::vector<KunrealEngine::Component *,std::allocator<KunrealEngine::Component *>>'에서는 class 'KunrealEngine::GameObject'의 클라이언트에서 DLL 인터페이스를 사용하도록 지정해야 합니다.
  (소스 파일 'GameClient.cpp'을(를) 컴파일하는 중)
  C:\Users\KOCCA19\Desktop\Projects\GA4thFinalProject_Isekai\5_Project\ProjectL\KunrealEngine\GameObject.h(41,8):
  'std::vector<KunrealEngine::Component *,std::allocator<KunrealEngine::Component *>>' 선언을 참조하십시오.
  
C:\Users\KOCCA19\Desktop\Projects\GA4thFinalProject_Isekai\5_Project\ProjectL\KunrealEngine\GameObject.h(43,15): warning C4251: 'KunrealEngine::GameObject::_objectName': class 'std::basic_string<char,std::char_traits<char>,std::allocator<char>>'에서는 class 'KunrealEngine::GameObject'의 클라이언트에서 DLL 인터페이스를 사용하도록 지정해야 합니다.
  (소스 파일 'GameClient.cpp'을(를) 컴파일하는 중)
  C:\Program Files\Microsoft Visual Studio\2022\Community\VC\Tools\MSVC\14.38.33130\include\xstring(5127,29):
  'std::basic_string<char,std::char_traits<char>,std::allocator<char>>' 선언을 참조하십시오.
  
C:\Users\KOCCA19\Desktop\Projects\GA4thFinalProject_Isekai\5_Project\ProjectL\KunrealEngine\GameObject.h(44,15): warning C4251: 'KunrealEngine::GameObject::_sceneName': class 'std::basic_string<char,std::char_traits<char>,std::allocator<char>>'에서는 class 'KunrealEngine::GameObject'의 클라이언트에서 DLL 인터페이스를 사용하도록 지정해야 합니다.
  (소스 파일 'GameClient.cpp'을(를) 컴파일하는 중)
  C:\Program Files\Microsoft Visual Studio\2022\Community\VC\Tools\MSVC\14.38.33130\include\xstring(5127,29):
  'std::basic_string<char,std::char_traits<char>,std::allocator<char>>' 선언을 참조하십시오.
  
C:\Users\KOCCA19\Desktop\Projects\GA4thFinalProject_Isekai\5_Project\ProjectL\KunrealEngine\GameObject.h(48,15): warning C4251: 'KunrealEngine::GameObject::_tag': class 'std::basic_string<char,std::char_traits<char>,std::allocator<char>>'에서는 class 'KunrealEngine::GameObject'의 클라이언트에서 DLL 인터페이스를 사용하도록 지정해야 합니다.
  (소스 파일 'GameClient.cpp'을(를) 컴파일하는 중)
  C:\Program Files\Microsoft Visual Studio\2022\Community\VC\Tools\MSVC\14.38.33130\include\xstring(5127,29):
  'std::basic_string<char,std::char_traits<char>,std::allocator<char>>' 선언을 참조하십시오.
  
C:\Users\KOCCA19\Desktop\Projects\GA4thFinalProject_Isekai\5_Project\ProjectL\KunrealEngine\Transform.h(37,23): warning C4251: 'KunrealEngine::Transform::_position': struct 'KunrealEngine::KunrealMath::Float3'에서는 class 'KunrealEngine::Transform'의 클라이언트에서 DLL 인터페이스를 사용하도록 지정해야 합니다.
  (소스 파일 'GameClient.cpp'을(를) 컴파일하는 중)
  C:\Users\KOCCA19\Desktop\Projects\GA4thFinalProject_Isekai\5_Project\ProjectL\KunrealMath\Float3.h(15,10):
  'KunrealEngine::KunrealMath::Float3' 선언을 참조하십시오.
  
C:\Users\KOCCA19\Desktop\Projects\GA4thFinalProject_Isekai\5_Project\ProjectL\KunrealEngine\Transform.h(38,23): warning C4251: 'KunrealEngine::Transform::_rotation': struct 'KunrealEngine::KunrealMath::Float3'에서는 class 'KunrealEngine::Transform'의 클라이언트에서 DLL 인터페이스를 사용하도록 지정해야 합니다.
  (소스 파일 'GameClient.cpp'을(를) 컴파일하는 중)
  C:\Users\KOCCA19\Desktop\Projects\GA4thFinalProject_Isekai\5_Project\ProjectL\KunrealMath\Float3.h(15,10):
  'KunrealEngine::KunrealMath::Float3' 선언을 참조하십시오.
  
C:\Users\KOCCA19\Desktop\Projects\GA4thFinalProject_Isekai\5_Project\ProjectL\KunrealEngine\Transform.h(39,23): warning C4251: 'KunrealEngine::Transform::_scale': struct 'KunrealEngine::KunrealMath::Float3'에서는 class 'KunrealEngine::Transform'의 클라이언트에서 DLL 인터페이스를 사용하도록 지정해야 합니다.
  (소스 파일 'GameClient.cpp'을(를) 컴파일하는 중)
  C:\Users\KOCCA19\Desktop\Projects\GA4thFinalProject_Isekai\5_Project\ProjectL\KunrealMath\Float3.h(15,10):
  'KunrealEngine::KunrealMath::Float3' 선언을 참조하십시오.
  
C:\Users\KOCCA19\Desktop\Projects\GA4thFinalProject_Isekai\5_Project\ProjectL\KunrealEngine\Transform.h(41,23): warning C4251: 'KunrealEngine::Transform::_UIPosition': struct 'KunrealEngine::KunrealMath::Float2'에서는 class 'KunrealEngine::Transform'의 클라이언트에서 DLL 인터페이스를 사용하도록 지정해야 합니다.
  (소스 파일 'GameClient.cpp'을(를) 컴파일하는 중)
  C:\Users\KOCCA19\Desktop\Projects\GA4thFinalProject_Isekai\5_Project\ProjectL\KunrealMath\Float2.h(8,10):
  'KunrealEngine::KunrealMath::Float2' 선언을 참조하십시오.
  
C:\Users\KOCCA19\Desktop\Projects\GA4thFinalProject_Isekai\5_Project\ProjectL\KunrealEngine\Transform.h(42,23): warning C4251: 'KunrealEngine::Transform::_UIScale': struct 'KunrealEngine::KunrealMath::Float2'에서는 class 'KunrealEngine::Transform'의 클라이언트에서 DLL 인터페이스를 사용하도록 지정해야 합니다.
  (소스 파일 'GameClient.cpp'을(를) 컴파일하는 중)
  C:\Users\KOCCA19\Desktop\Projects\GA4thFinalProject_Isekai\5_Project\ProjectL\KunrealMath\Float2.h(8,10):
  'KunrealEngine::KunrealMath::Float2' 선언을 참조하십시오.
  
C:\Users\KOCCA19\Desktop\Projects\GA4thFinalProject_Isekai\5_Project\ProjectL\KunrealEngine\Transform.h(44,26): warning C4251: 'KunrealEngine::Transform::_worldTM': struct 'KunrealEngine::KunrealMath::Matrix4x4'에서는 class 'KunrealEngine::Transform'의 클라이언트에서 DLL 인터페이스를 사용하도록 지정해야 합니다.
  (소스 파일 'GameClient.cpp'을(를) 컴파일하는 중)
  C:\Users\KOCCA19\Desktop\Projects\GA4thFinalProject_Isekai\5_Project\ProjectL\KunrealMath\Matrix4x4.h(10,10):
  'KunrealEngine::KunrealMath::Matrix4x4' 선언을 참조하십시오.
  
C:\Users\KOCCA19\Desktop\Projects\GA4thFinalProject_Isekai\5_Project\ProjectL\KunrealEngine\Camera.h(41,23): warning C4251: 'KunrealEngine::Camera::_targetPosition': struct 'KunrealEngine::KunrealMath::Float3'에서는 class 'KunrealEngine::Camera'의 클라이언트에서 DLL 인터페이스를 사용하도록 지정해야 합니다.
  (소스 파일 'GameClient.cpp'을(를) 컴파일하는 중)
  C:\Users\KOCCA19\Desktop\Projects\GA4thFinalProject_Isekai\5_Project\ProjectL\KunrealMath\Float3.h(15,10):
  'KunrealEngine::KunrealMath::Float3' 선언을 참조하십시오.
  
C:\Users\KOCCA19\Desktop\Projects\GA4thFinalProject_Isekai\5_Project\ProjectL\KunrealEngine\Camera.h(44,23): warning C4251: 'KunrealEngine::Camera::_prevPosition': struct 'KunrealEngine::KunrealMath::Float3'에서는 class 'KunrealEngine::Camera'의 클라이언트에서 DLL 인터페이스를 사용하도록 지정해야 합니다.
  (소스 파일 'GameClient.cpp'을(를) 컴파일하는 중)
  C:\Users\KOCCA19\Desktop\Projects\GA4thFinalProject_Isekai\5_Project\ProjectL\KunrealMath\Float3.h(15,10):
  'KunrealEngine::KunrealMath::Float3' 선언을 참조하십시오.
  
C:\Users\KOCCA19\Desktop\Projects\GA4thFinalProject_Isekai\5_Project\ProjectL\KunrealEngine\Camera.h(47,23): warning C4251: 'KunrealEngine::Camera::_prevRotation': struct 'KunrealEngine::KunrealMath::Float3'에서는 class 'KunrealEngine::Camera'의 클라이언트에서 DLL 인터페이스를 사용하도록 지정해야 합니다.
  (소스 파일 'GameClient.cpp'을(를) 컴파일하는 중)
  C:\Users\KOCCA19\Desktop\Projects\GA4thFinalProject_Isekai\5_Project\ProjectL\KunrealMath\Float3.h(15,10):
  'KunrealEngine::KunrealMath::Float3' 선언을 참조하십시오.
  
C:\Users\KOCCA19\Desktop\Projects\GA4thFinalProject_Isekai\5_Project\ProjectL\KunrealEngine\MeshRenderer.h(43,15): warning C4251: 'KunrealEngine::MeshRenderer::_meshFileName': class 'std::basic_string<char,std::char_traits<char>,std::allocator<char>>'에서는 class 'KunrealEngine::MeshRenderer'의 클라이언트에서 DLL 인터페이스를 사용하도록 지정해야 합니다.
  (소스 파일 'GameClient.cpp'을(를) 컴파일하는 중)
  C:\Program Files\Microsoft Visual Studio\2022\Community\VC\Tools\MSVC\14.38.33130\include\xstring(5127,29):
  'std::basic_string<char,std::char_traits<char>,std::allocator<char>>' 선언을 참조하십시오.
  
C:\Users\KOCCA19\Desktop\Projects\GA4thFinalProject_Isekai\5_Project\ProjectL\KunrealEngine\MeshRenderer.h(44,15): warning C4251: 'KunrealEngine::MeshRenderer::_textureName': class 'std::basic_string<char,std::char_traits<char>,std::allocator<char>>'에서는 class 'KunrealEngine::MeshRenderer'의 클라이언트에서 DLL 인터페이스를 사용하도록 지정해야 합니다.
  (소스 파일 'GameClient.cpp'을(를) 컴파일하는 중)
  C:\Program Files\Microsoft Visual Studio\2022\Community\VC\Tools\MSVC\14.38.33130\include\xstring(5127,29):
  'std::basic_string<char,std::char_traits<char>,std::allocator<char>>' 선언을 참조하십시오.
  
C:\Users\KOCCA19\Desktop\Projects\GA4thFinalProject_Isekai\5_Project\ProjectL\KunrealEngine\MeshRenderer.h(45,15): warning C4251: 'KunrealEngine::MeshRenderer::_normalName': class 'std::basic_string<char,std::char_traits<char>,std::allocator<char>>'에서는 class 'KunrealEngine::MeshRenderer'의 클라이언트에서 DLL 인터페이스를 사용하도록 지정해야 합니다.
  (소스 파일 'GameClient.cpp'을(를) 컴파일하는 중)
  C:\Program Files\Microsoft Visual Studio\2022\Community\VC\Tools\MSVC\14.38.33130\include\xstring(5127,29):
  'std::basic_string<char,std::char_traits<char>,std::allocator<char>>' 선언을 참조하십시오.
  
C:\Users\KOCCA19\Desktop\Projects\GA4thFinalProject_Isekai\5_Project\ProjectL\KunrealEngine\MeshRenderer.h(46,23): warning C4251: 'KunrealEngine::MeshRenderer::_reflect': struct 'KunrealEngine::KunrealMath::Float4'에서는 class 'KunrealEngine::MeshRenderer'의 클라이언트에서 DLL 인터페이스를 사용하도록 지정해야 합니다.
  (소스 파일 'GameClient.cpp'을(를) 컴파일하는 중)
  C:\Users\KOCCA19\Desktop\Projects\GA4thFinalProject_Isekai\5_Project\ProjectL\GraphicsInterface\GraphicsPointLight.h(15,10):
  'KunrealEngine::KunrealMath::Float4' 선언을 참조하십시오.
  
C:\Users\KOCCA19\Desktop\Projects\GA4thFinalProject_Isekai\5_Project\ProjectL\KunrealEngine\Light.h(65,23): warning C4251: 'KunrealEngine::Light::_ambient': struct 'KunrealEngine::KunrealMath::Float4'에서는 class 'KunrealEngine::Light'의 클라이언트에서 DLL 인터페이스를 사용하도록 지정해야 합니다.
  (소스 파일 'GameClient.cpp'을(를) 컴파일하는 중)
  C:\Users\KOCCA19\Desktop\Projects\GA4thFinalProject_Isekai\5_Project\ProjectL\GraphicsInterface\GraphicsPointLight.h(15,10):
  'KunrealEngine::KunrealMath::Float4' 선언을 참조하십시오.
  
C:\Users\KOCCA19\Desktop\Projects\GA4thFinalProject_Isekai\5_Project\ProjectL\KunrealEngine\Light.h(66,23): warning C4251: 'KunrealEngine::Light::_diffuse': struct 'KunrealEngine::KunrealMath::Float4'에서는 class 'KunrealEngine::Light'의 클라이언트에서 DLL 인터페이스를 사용하도록 지정해야 합니다.
  (소스 파일 'GameClient.cpp'을(를) 컴파일하는 중)
  C:\Users\KOCCA19\Desktop\Projects\GA4thFinalProject_Isekai\5_Project\ProjectL\GraphicsInterface\GraphicsPointLight.h(15,10):
  'KunrealEngine::KunrealMath::Float4' 선언을 참조하십시오.
  
C:\Users\KOCCA19\Desktop\Projects\GA4thFinalProject_Isekai\5_Project\ProjectL\KunrealEngine\Light.h(67,23): warning C4251: 'KunrealEngine::Light::_specular': struct 'KunrealEngine::KunrealMath::Float4'에서는 class 'KunrealEngine::Light'의 클라이언트에서 DLL 인터페이스를 사용하도록 지정해야 합니다.
  (소스 파일 'GameClient.cpp'을(를) 컴파일하는 중)
  C:\Users\KOCCA19\Desktop\Projects\GA4thFinalProject_Isekai\5_Project\ProjectL\GraphicsInterface\GraphicsPointLight.h(15,10):
  'KunrealEngine::KunrealMath::Float4' 선언을 참조하십시오.
  
C:\Users\KOCCA19\Desktop\Projects\GA4thFinalProject_Isekai\5_Project\ProjectL\KunrealEngine\Light.h(68,23): warning C4251: 'KunrealEngine::Light::_direction': struct 'KunrealEngine::KunrealMath::Float3'에서는 class 'KunrealEngine::Light'의 클라이언트에서 DLL 인터페이스를 사용하도록 지정해야 합니다.
  (소스 파일 'GameClient.cpp'을(를) 컴파일하는 중)
  C:\Users\KOCCA19\Desktop\Projects\GA4thFinalProject_Isekai\5_Project\ProjectL\GraphicsInterface\GraphicsPointLight.h(14,10):
  'KunrealEngine::KunrealMath::Float3' 선언을 참조하십시오.
  
C:\Users\KOCCA19\Desktop\Projects\GA4thFinalProject_Isekai\5_Project\ProjectL\KunrealEngine\Light.h(72,23): warning C4251: 'KunrealEngine::Light::_ambientP': struct 'KunrealEngine::KunrealMath::Float4'에서는 class 'KunrealEngine::Light'의 클라이언트에서 DLL 인터페이스를 사용하도록 지정해야 합니다.
  (소스 파일 'GameClient.cpp'을(를) 컴파일하는 중)
  C:\Users\KOCCA19\Desktop\Projects\GA4thFinalProject_Isekai\5_Project\ProjectL\GraphicsInterface\GraphicsPointLight.h(15,10):
  'KunrealEngine::KunrealMath::Float4' 선언을 참조하십시오.
  
C:\Users\KOCCA19\Desktop\Projects\GA4thFinalProject_Isekai\5_Project\ProjectL\KunrealEngine\Light.h(73,23): warning C4251: 'KunrealEngine::Light::_diffuseP': struct 'KunrealEngine::KunrealMath::Float4'에서는 class 'KunrealEngine::Light'의 클라이언트에서 DLL 인터페이스를 사용하도록 지정해야 합니다.
  (소스 파일 'GameClient.cpp'을(를) 컴파일하는 중)
  C:\Users\KOCCA19\Desktop\Projects\GA4thFinalProject_Isekai\5_Project\ProjectL\GraphicsInterface\GraphicsPointLight.h(15,10):
  'KunrealEngine::KunrealMath::Float4' 선언을 참조하십시오.
  
C:\Users\KOCCA19\Desktop\Projects\GA4thFinalProject_Isekai\5_Project\ProjectL\KunrealEngine\Light.h(74,23): warning C4251: 'KunrealEngine::Light::_specularP': struct 'KunrealEngine::KunrealMath::Float4'에서는 class 'KunrealEngine::Light'의 클라이언트에서 DLL 인터페이스를 사용하도록 지정해야 합니다.
  (소스 파일 'GameClient.cpp'을(를) 컴파일하는 중)
  C:\Users\KOCCA19\Desktop\Projects\GA4thFinalProject_Isekai\5_Project\ProjectL\GraphicsInterface\GraphicsPointLight.h(15,10):
  'KunrealEngine::KunrealMath::Float4' 선언을 참조하십시오.
  
  ProjectL.vcxproj -> C:\Users\KOCCA19\Desktop\Projects\GA4thFinalProject_Isekai\5_Project\ProjectL\Bin\x64\Debug\ProjectL.exe
